{"/Users/hectorramirez/git/vue-test/src/components/HelloWorld.vue": {"path":"/Users/hectorramirez/git/vue-test/src/components/HelloWorld.vue","statementMap":{"0":{"start":{"line":81,"column":0},"end":{"line":null,"column":-1}}},"fnMap":{},"branchMap":{},"s":{"0":3},"f":{},"b":{}}
,"/Users/hectorramirez/git/vue-test/src/components/UserForm.vue": {"path":"/Users/hectorramirez/git/vue-test/src/components/UserForm.vue","statementMap":{"0":{"start":{"line":52,"column":0},"end":{"line":null,"column":-1}},"1":{"start":{"line":53,"column":0},"end":{"line":null,"column":-1}},"2":{"start":{"line":54,"column":0},"end":{"line":null,"column":-1}},"3":{"start":{"line":61,"column":0},"end":{"line":null,"column":-1}},"4":{"start":{"line":72,"column":0},"end":{"line":null,"column":-1}},"5":{"start":{"line":75,"column":0},"end":{"line":null,"column":-1}}},"fnMap":{},"branchMap":{},"s":{"0":2,"1":2,"2":2,"3":2,"4":0,"5":0},"f":{},"b":{}}
,"/Users/hectorramirez/git/vue-test/src/services/yesno.ts": {"path":"/Users/hectorramirez/git/vue-test/src/services/yesno.ts","statementMap":{"0":{"start":{"line":1,"column":0},"end":{"line":null,"column":-1}},"1":{"start":{"line":3,"column":22},"end":{"line":3,"column":0}},"2":{"start":{"line":7,"column":4},"end":{"line":null,"column":-1}}},"fnMap":{},"branchMap":{},"s":{"0":1,"1":1,"2":0},"f":{},"b":{}}
,"/Users/hectorramirez/git/vue-test/src/shared/password-directive.ts": {"path":"/Users/hectorramirez/git/vue-test/src/shared/password-directive.ts","statementMap":{"0":{"start":{"line":3,"column":4},"end":{"line":null,"column":-1}}},"fnMap":{"0":{"name":"(anonymous_0)","decl":{"start":{"line":2,"column":10},"end":{"line":2,"column":11}},"loc":{"start":{"line":2,"column":36},"end":{"line":4,"column":3}}}},"branchMap":{},"s":{"0":0},"f":{"0":0},"b":{}}
,"/Users/hectorramirez/git/vue-test/src/store/store.ts": {"path":"/Users/hectorramirez/git/vue-test/src/store/store.ts","statementMap":{"0":{"start":{"line":1,"column":0},"end":{"line":null,"column":-1}},"1":{"start":{"line":2,"column":0},"end":{"line":null,"column":-1}},"2":{"start":{"line":5,"column":0},"end":{"line":null,"column":-1}},"3":{"start":{"line":79,"column":28},"end":{"line":79,"column":71}},"4":{"start":{"line":79,"column":44},"end":{"line":79,"column":71}},"5":{"start":{"line":83,"column":6},"end":{"line":null,"column":-1}},"6":{"start":{"line":86,"column":6},"end":{"line":null,"column":-1}}},"fnMap":{"0":{"name":"(anonymous_0)","decl":{"start":{"line":79,"column":18},"end":{"line":79,"column":22}},"loc":{"start":{"line":79,"column":28},"end":{"line":79,"column":71}}},"1":{"name":"(anonymous_1)","decl":{"start":{"line":79,"column":28},"end":{"line":79,"column":26}},"loc":{"start":{"line":79,"column":44},"end":{"line":79,"column":71}}}},"branchMap":{"0":{"loc":{"start":{"line":79,"column":49},"end":{"line":79,"column":46}},"type":"cond-expr","locations":[{"start":{"line":79,"column":49},"end":{"line":79,"column":46}},{"start":{"line":79,"column":71},"end":{"line":null,"column":-1}}]}},"s":{"0":2,"1":2,"2":2,"3":1,"4":1,"5":0,"6":0},"f":{"0":1,"1":1},"b":{"0":[0,1]}}
,"/Users/hectorramirez/git/vue-test/src/views/AboutPage.vue": {"path":"/Users/hectorramirez/git/vue-test/src/views/AboutPage.vue","statementMap":{"0":{"start":{"line":9,"column":0},"end":{"line":null,"column":-1}},"1":{"start":{"line":10,"column":0},"end":{"line":null,"column":-1}}},"fnMap":{},"branchMap":{},"s":{"0":1,"1":1},"f":{},"b":{}}
,"/Users/hectorramirez/git/vue-test/src/views/ContactPage.vue": {"path":"/Users/hectorramirez/git/vue-test/src/views/ContactPage.vue","statementMap":{"0":{"start":{"line":11,"column":0},"end":{"line":null,"column":-1}},"1":{"start":{"line":13,"column":0},"end":{"line":null,"column":-1}},"2":{"start":{"line":15,"column":0},"end":{"line":null,"column":-1}},"3":{"start":{"line":23,"column":0},"end":{"line":null,"column":-1}},"4":{"start":{"line":28,"column":0},"end":{"line":33,"column":0}},"5":{"start":{"line":31,"column":0},"end":{"line":null,"column":-1}},"6":{"start":{"line":32,"column":0},"end":{"line":null,"column":-1}},"7":{"start":{"line":33,"column":0},"end":{"line":null,"column":-1}}},"fnMap":{"0":{"name":"(anonymous_1)","decl":{"start":{"line":28,"column":0},"end":{"line":null,"column":-1}},"loc":{"start":{"line":28,"column":0},"end":{"line":33,"column":0}}},"1":{"name":"(anonymous_2)","decl":{"start":{"line":33,"column":0},"end":{"line":null,"column":-1}},"loc":{"start":{"line":33,"column":0},"end":{"line":null,"column":-1}}}},"branchMap":{},"s":{"0":1,"1":1,"2":1,"3":1,"4":0,"5":0,"6":0,"7":0},"f":{"0":0,"1":0},"b":{}}
}
