TN:
SF:/Users/hectorramirez/git/vue-test/src/components/HelloWorld.vue
FNF:0
FNH:0
DA:81,3
LF:1
LH:1
BRF:0
BRH:0
end_of_record
TN:
SF:/Users/hectorramirez/git/vue-test/src/components/UserForm.vue
FNF:0
FNH:0
DA:52,2
DA:53,2
DA:54,2
DA:61,2
DA:72,0
DA:75,0
LF:6
LH:4
BRF:0
BRH:0
end_of_record
TN:
SF:/Users/hectorramirez/git/vue-test/src/services/yesno.ts
FNF:0
FNH:0
DA:1,1
DA:3,1
DA:7,0
LF:3
LH:2
BRF:0
BRH:0
end_of_record
TN:
SF:/Users/hectorramirez/git/vue-test/src/shared/password-directive.ts
FN:2,(anonymous_0)
FNF:1
FNH:0
FNDA:0,(anonymous_0)
DA:3,0
LF:1
LH:0
BRF:0
BRH:0
end_of_record
TN:
SF:/Users/hectorramirez/git/vue-test/src/store/store.ts
FN:79,(anonymous_0)
FN:79,(anonymous_1)
FNF:2
FNH:2
FNDA:1,(anonymous_0)
FNDA:1,(anonymous_1)
DA:1,2
DA:2,2
DA:5,2
DA:79,1
DA:83,0
DA:86,0
LF:6
LH:4
BRDA:79,0,0,0
BRDA:79,0,1,1
BRF:2
BRH:1
end_of_record
TN:
SF:/Users/hectorramirez/git/vue-test/src/views/AboutPage.vue
FNF:0
FNH:0
DA:9,1
DA:10,1
LF:2
LH:2
BRF:0
BRH:0
end_of_record
TN:
SF:/Users/hectorramirez/git/vue-test/src/views/ContactPage.vue
FN:28,(anonymous_1)
FN:33,(anonymous_2)
FNF:2
FNH:0
FNDA:0,(anonymous_1)
FNDA:0,(anonymous_2)
DA:11,1
DA:13,1
DA:15,1
DA:23,1
DA:28,0
DA:31,0
DA:32,0
DA:33,0
LF:8
LH:4
BRF:0
BRH:0
end_of_record
